build/app/outputs/mapping/release/mapping.txt
# compiler: R8
# compiler_version: 1.5.64
# min_api: 16
# pg_map_id: 2024172
...
com.facebook.login.LoginClient$Request -> com.facebook.login.j$d:
    java.lang.String applicationId -> g
    java.lang.String authId -> h
    boolean isRerequest -> i
    java.lang.String authType -> k
    java.lang.String deviceRedirectUriString -> j
    java.util.Set permissions -> e
    java.lang.String deviceAuthTargetUserId -> l
    com.facebook.login.DefaultAudience defaultAudience -> f
    com.facebook.login.LoginBehavior loginBehavior -> d
    void setPermissions(java.util.Set) -> a
    void setRerequest(boolean) -> a
    java.lang.String getApplicationId() -> h
    java.lang.String getAuthId() -> i
    java.lang.String getAuthType() -> j
    com.facebook.login.DefaultAudience getDefaultAudience() -> k
    java.lang.String getDeviceAuthTargetUserId() -> l
    java.lang.String getDeviceRedirectUriString() -> m
    com.facebook.login.LoginBehavior getLoginBehavior() -> n
    java.util.Set getPermissions() -> o
    boolean hasPublishPermission() -> p
    boolean isRerequest() -> q
com.facebook.login.LoginClient$Request$1 -> com.facebook.login.j$d$a:
com.facebook.login.LoginClient$Result -> com.facebook.login.j$e:
    java.lang.String errorCode -> g
    java.lang.String errorMessage -> f
    com.facebook.login.LoginClient$Result$Code code -> d
    java.util.Map loggingExtras -> i
    java.util.Map extraData -> j
    com.facebook.AccessToken token -> e
    com.facebook.login.LoginClient$Request request -> h
    com.facebook.login.LoginClient$Result createCancelResult(com.facebook.login.LoginClient$Request,java.lang.String) -> a
    com.facebook.login.LoginClient$Result createErrorResult(com.facebook.login.LoginClient$Request,java.lang.String,java.lang.String) -> a
    com.facebook.login.LoginClient$Result createErrorResult(com.facebook.login.LoginClient$Request,java.lang.String,java.lang.String,java.lang.String) -> a
    com.facebook.login.LoginClient$Result createTokenResult(com.facebook.login.LoginClient$Request,com.facebook.AccessToken) -> a
com.facebook.login.LoginClient$Result$1 -> com.facebook.login.j$e$a:
com.facebook.login.LoginClient$Result$Code -> com.facebook.login.j$e$b:
    com.facebook.login.LoginClient$Result$Code SUCCESS -> e
    com.facebook.login.LoginClient$Result$Code CANCEL -> f
    com.facebook.login.LoginClient$Result$Code ERROR -> g
    com.facebook.login.LoginClient$Result$Code[] $VALUES -> h
    java.lang.String loggingValue -> d
    java.lang.String getLoggingValue() -> a
com.facebook.login.LoginFragment -> com.facebook.login.k:
    com.facebook.login.LoginClient loginClient -> b0
    java.lang.String callingPackage -> a0
    com.facebook.login.LoginClient$Request request -> c0
    void onDestroy() -> P
    void onPause() -> T
    void onResume() -> U
    void access$000(com.facebook.login.LoginFragment,com.facebook.login.LoginClient$Result) -> a
    void onActivityResult(int,int,android.content.Intent) -> a
    android.view.View onCreateView(android.view.LayoutInflater,android.view.ViewGroup,android.os.Bundle) -> a
    void onLoginClientCompleted(com.facebook.login.LoginClient$Result) -> a
    void initializeCallingPackage(android.app.Activity) -> b
    void onCreate(android.os.Bundle) -> c
    void onSaveInstanceState(android.os.Bundle) -> e
    com.facebook.login.LoginClient createLoginClient() -> m0
    int getLayoutResId() -> n0
    com.facebook.login.LoginClient getLoginClient() -> o0
com.facebook.login.LoginFragment$1 -> com.facebook.login.k$a:
    com.facebook.login.LoginFragment this$0 -> a
    void onCompleted(com.facebook.login.LoginClient$Result) -> a
com.facebook.login.LoginFragment$2 -> com.facebook.login.k$b:
    android.view.View val$progressBar -> a
    void onBackgroundProcessingStarted() -> a
    void onBackgroundProcessingStopped() -> b